<?xml version="1.0" encoding="utf-8"?>
<LinearLayout xmlns:android="http://schemas.android.com/apk/res/android"
    android:layout_width="match_parent"
    android:layout_height="match_parent"
    android:background="@color/white"
    android:gravity="center_horizontal"
    android:orientation="vertical" >

    <include layout="@layout/title_bar" />

    <TableLayout
        android:layout_width="match_parent"
        android:layout_height="wrap_content"
        android:layout_margin="20dp"
        android:background="@drawable/test_result_bg"
        android:padding="7dp" >

        <TableRow
            android:layout_width="match_parent"
            android:layout_height="wrap_content" >

            <TextView
                android:layout_width="0dp"
                android:layout_height="wrap_content"
                android:layout_weight="0.5"
                android:background="@color/bgcolor"
                android:gravity="center"
                android:paddingBottom="7dp"
                android:paddingTop="7dp"
                android:singleLine="true"
                android:text="@string/testFeature"
                android:textColor="@color/white"
                android:textSize="16sp" />

            <View
                android:layout_width="2dp"
                android:layout_height="match_parent" />

            <TextView
                android:id="@+id/tvViaSatSP"
                android:layout_width="0dp"
                android:layout_height="match_parent"
                android:layout_weight="0.25"
                android:background="@color/bgcolor"
                android:gravity="center"
                android:paddingBottom="7dp"
                android:paddingTop="7dp"
                android:singleLine="true"
                android:text="@string/viasat"
                android:textColor="@color/white"
                android:textSize="16sp" />

            <View
                android:layout_width="2dp"
                android:layout_height="match_parent" />

            
        </TableRow>

        <View
            android:layout_width="match_parent"
            android:layout_height="2dp" />

        <TableRow
            android:layout_width="match_parent"
            android:layout_height="wrap_content" >

            <TextView
                android:layout_width="0dp"
                android:layout_height="wrap_content"
                android:layout_weight="0.5"
                android:background="@color/m_spring_green"
                android:paddingLeft="2dp"
                android:text="@string/labelDL"
                android:textColor="@color/light_sky_blue"
                android:textSize="16sp" />

            <View
                android:layout_width="2dp"
                android:layout_height="match_parent" />

            <TextView
                android:id="@+id/tvViaSatDL"
                android:layout_width="0dp"
                android:layout_height="match_parent"
                android:layout_weight="0.25"
                android:background="@color/m_spring_green"
                android:gravity="center"
                android:singleLine="true"
                android:text="0"
                android:textColor="@color/light_sky_blue"
                android:textSize="16sp" />

            <View
                android:layout_width="2dp"
                android:layout_height="match_parent" />

            
        </TableRow>

        <View
            android:layout_width="match_parent"
            android:layout_height="2dp" />

        <TableRow
            android:layout_width="match_parent"
            android:layout_height="wrap_content" >

            <TextView
                android:layout_width="0dp"
                android:layout_height="wrap_content"
                android:layout_weight="0.5"
                android:background="@color/m_spring_green"
                android:paddingLeft="2dp"
                android:text="@string/labelUL"
                android:textColor="@color/light_sky_blue"
                android:textSize="16sp" />

            <View
                android:layout_width="2dp"
                android:layout_height="match_parent" />

            <TextView
                android:id="@+id/tvViaSatUL"
                android:layout_width="0dp"
                android:layout_height="match_parent"
                android:layout_weight="0.25"
                android:background="@color/m_spring_green"
                android:gravity="center"
                android:singleLine="true"
                android:text="0"
                android:textColor="@color/light_sky_blue"
                android:textSize="16sp" />

            <View
                android:layout_width="2dp"
                android:layout_height="match_parent" />

            
        </TableRow>

        <View
            android:layout_width="match_parent"
            android:layout_height="2dp" />

        <TableRow
            android:layout_width="match_parent"
            android:layout_height="wrap_content" >

            <TextView
                android:layout_width="0dp"
                android:layout_height="wrap_content"
                android:layout_weight="0.5"
                android:background="@color/m_spring_green"
                android:paddingLeft="2dp"
                android:text="@string/labelLat"
                android:textColor="@color/light_sky_blue"
                android:textSize="16sp" />

            <View
                android:layout_width="2dp"
                android:layout_height="match_parent" />

            <TextView
                android:id="@+id/tvViaSatLat"
                android:layout_width="0dp"
                android:layout_height="match_parent"
                android:layout_weight="0.25"
                android:background="@color/m_spring_green"
                android:gravity="center"
                android:singleLine="true"
                android:text="0"
                android:textColor="@color/light_sky_blue"
                android:textSize="16sp" />

            <View
                android:layout_width="2dp"
                android:layout_height="match_parent" />

            
        </TableRow>
        
        <View
            android:layout_width="match_parent"
            android:layout_height="2dp" />

        <TableRow
            android:layout_width="match_parent"
            android:layout_height="wrap_content" >

            <TextView
                android:layout_width="0dp"
                android:layout_height="wrap_content"
                android:layout_weight="0.5"
                android:background="@color/m_spring_green"
                android:paddingLeft="2dp"
                android:text="@string/labelJitter"
                android:textColor="@color/light_sky_blue"
                android:textSize="16sp" />

            <View
                android:layout_width="2dp"
                android:layout_height="match_parent" />

            <TextView
                android:id="@+id/tvViaSatJitter"
                android:layout_width="0dp"
                android:layout_height="match_parent"
                android:layout_weight="0.25"
                android:background="@color/m_spring_green"
                android:gravity="center"
                android:singleLine="true"
                android:text="0"
                android:textColor="@color/light_sky_blue"
                android:textSize="16sp" />

            <View
                android:layout_width="2dp"
                android:layout_height="match_parent" />

            
        </TableRow>

        <View
            android:layout_width="match_parent"
            android:layout_height="2dp" />

        <TableRow
            android:layout_width="match_parent"
            android:layout_height="wrap_content" >

            <TextView
                android:layout_width="0dp"
                android:layout_height="wrap_content"
                android:layout_weight="0.5"
                android:background="@color/m_spring_green"
                android:paddingLeft="2dp"
                android:text="@string/labelWP"
                android:textColor="@color/light_sky_blue"
                android:textSize="16sp" />

            <View
                android:layout_width="2dp"
                android:layout_height="match_parent" />

            <TextView
                android:id="@+id/tvViaSatWP"
                android:layout_width="0dp"
                android:layout_height="match_parent"
                android:layout_weight="0.25"
                android:background="@color/m_spring_green"
                android:gravity="center"
                android:singleLine="true"
                android:text="0"
                android:textColor="@color/light_sky_blue"
                android:textSize="16sp" />

            <View
                android:layout_width="2dp"
                android:layout_height="match_parent" />

            
        </TableRow>

        <View
            android:layout_width="match_parent"
            android:layout_height="2dp" />

        <TableRow
            android:layout_width="match_parent"
            android:layout_height="wrap_content" >

            <TextView
                android:layout_width="0dp"
                android:layout_height="wrap_content"
                android:layout_weight="0.5"
                android:background="@color/m_spring_green"
                android:paddingLeft="2dp"
                android:text="@string/labelVP"
                android:textColor="@color/light_sky_blue"
                android:textSize="16sp" />

            <View
                android:layout_width="2dp"
                android:layout_height="match_parent" />

            <TextView
                android:id="@+id/tvViaSatVP"
                android:layout_width="0dp"
                android:layout_height="match_parent"
                android:layout_weight="0.25"
                android:background="@color/m_spring_green"
                android:gravity="center"
                android:singleLine="true"
                android:text="0"
                android:textColor="@color/light_sky_blue"
                android:textSize="16sp" />

            <View
                android:layout_width="2dp"
                android:layout_height="match_parent" />

        </TableRow>

        <View
            android:layout_width="match_parent"
            android:layout_height="2dp" />

        <TableRow
            android:layout_width="match_parent"
            android:layout_height="wrap_content" >

            <TextView
                android:id="@+id/tvLabBW"
                android:layout_width="0dp"
                android:layout_height="wrap_content"
                android:layout_weight="0.5"
                android:background="@color/m_spring_green"
                android:paddingLeft="2dp"
                android:text="@string/labelBW"
                android:textColor="@color/light_sky_blue"
                android:textSize="16sp" />

            <View
                android:layout_width="2dp"
                android:layout_height="match_parent" />

            <TextView
                android:id="@+id/tvViaSatBW"
                android:layout_width="0dp"
                android:layout_height="match_parent"
                android:layout_weight="0.25"
                android:background="@color/m_spring_green"
                android:gravity="center"
                android:singleLine="true"
                android:text="0"
                android:textColor="@color/light_sky_blue"
                android:textSize="16sp" />

            <View
                android:layout_width="2dp"
                android:layout_height="match_parent" />

        </TableRow>
    </TableLayout>

    <Button
        android:id="@+id/btnResultsDB"
        android:layout_width="160dp"
        android:layout_height="35dp"
        android:layout_marginTop="20dp"
        android:background="@drawable/buttonshape"
        android:text="@string/resultsDB"
        android:textColor="@color/white"
        android:textSize="16sp" />

</LinearLayout>